C51 COMPILER V9.54   LCD1602                                                               01/20/2019 21:08:38 PAGE 1   


C51 COMPILER V9.54, COMPILATION OF MODULE LCD1602
OBJECT MODULE PLACED IN .\Objects\lcd1602.obj
COMPILER INVOKED BY: F:\Keil_v5\C51\BIN\C51.EXE lcd1602.c OPTIMIZE(8,SPEED) BROWSE INCDIR(..\GPS 3.0) DEBUG OBJECTEXTEND
                    - PRINT(.\Listings\lcd1602.lst) TABS(2) OBJECT(.\Objects\lcd1602.obj)

line level    source

   1          /*
   2          --------------------------------------------------------------------
   3          --------------------------------------------------------------------
   4          * lcd1602.c
   5          * RS  RW   EN
   6          * 16*2 display screen
   7          * about 1 ms
   8          --------------------------------------------------------------------
   9          --------------------------------------------------------------------
  10          */
  11          #include "lcd1602.h"
  12          #include "reg52.h"
  13          #include "delay.h"
  14          
  15          //write cmd
  16          void write_com(unsigned char com) 
  17          {
  18   1        lcden=0;
  19   1        rs=0;
  20   1        wr=0;
  21   1      
  22   1        P0=com;
  23   1        delay(1);
  24   1        lcden=1;
  25   1        delay(5);
  26   1        lcden=0;
  27   1      
  28   1      }
  29          
  30          //write data
  31          void write_data(unsigned char dat) 
  32          {
  33   1        lcden=0;
  34   1        rs=1;
  35   1        wr=0;
  36   1      
  37   1        P0=dat;
  38   1        delay(1);
  39   1      
  40   1        lcden=1;
  41   1        delay(5);
  42   1        lcden=0;
  43   1      }
  44          
  45          /*
  46           * write the string
  47           * x:row
  48           * y;column
  49           * *s,the point of char
  50           * Eg:LCD_Write_String(0,0,"Hello")
  51           * Display Hello to Lcd1602 at  row 1st column 1st
  52           * x=0 or x=1,y too
  53          */
  54           void LCD_Write_String(unsigned char x,unsigned char y,unsigned char *s) 
C51 COMPILER V9.54   LCD1602                                                               01/20/2019 21:08:38 PAGE 2   

  55           {     
  56   1       if (y == 0) 
  57   1        {     
  58   2         write_com(0x80 + x);    
  59   2        }
  60   1       else 
  61   1        {      
  62   2        write_com(0xC0 + x);    
  63   2        }        
  64   1       while (*s) 
  65   1        {     
  66   2      write_data( *s);     
  67   2       s ++;     
  68   2        }
  69   1       }
  70          
  71          //write alpah
  72           void LCD_Write_Char(unsigned char x,unsigned char y,unsigned char Data) 
  73           {     
  74   1       if (y == 0) 
  75   1        {     
  76   2        write_com(0x80 + x);     
  77   2        }    
  78   1       else 
  79   1        {     
  80   2        write_com(0xC0 + x);     
  81   2        }        
  82   1       write_data( Data);  
  83   1       }
  84          
  85          //initial lcd1602
  86          void lcd_init(void)
  87          {             
  88   1        write_com(0x38);  //enable lcd 
  89   1        write_com(0x0c);  //not use cursor
  90   1        write_com(0x01);  //clear screen
  91   1        write_com(0x06);  //write DDRAM,and point +1
  92   1        write_com(0x0f);  //flash the cursor
  93   1      }
  94          


MODULE INFORMATION:   STATIC OVERLAYABLE
   CODE SIZE        =    159    ----
   CONSTANT SIZE    =   ----    ----
   XDATA SIZE       =   ----    ----
   PDATA SIZE       =   ----    ----
   DATA SIZE        =   ----       6
   IDATA SIZE       =   ----    ----
   BIT SIZE         =   ----    ----
END OF MODULE INFORMATION.


C51 COMPILATION COMPLETE.  0 WARNING(S),  0 ERROR(S)
